[2025-01-10T17:40:35.528+0000] {local_task_job_runner.py:123} INFO - ::group::Pre task execution logs
[2025-01-10T17:40:35.563+0000] {taskinstance.py:2613} INFO - Dependencies all met for dep_context=non-requeueable deps ti=<TaskInstance: etl_reddit_pipeline.reddit_extraction manual__2025-01-10T17:40:33.137118+00:00 [queued]>
[2025-01-10T17:40:35.575+0000] {taskinstance.py:2613} INFO - Dependencies all met for dep_context=requeueable deps ti=<TaskInstance: etl_reddit_pipeline.reddit_extraction manual__2025-01-10T17:40:33.137118+00:00 [queued]>
[2025-01-10T17:40:35.576+0000] {taskinstance.py:2866} INFO - Starting attempt 1 of 1
[2025-01-10T17:40:35.603+0000] {taskinstance.py:2889} INFO - Executing <Task(PythonOperator): reddit_extraction> on 2025-01-10 17:40:33.137118+00:00
[2025-01-10T17:40:35.625+0000] {standard_task_runner.py:72} INFO - Started process 67 to run task
[2025-01-10T17:40:35.635+0000] {standard_task_runner.py:104} INFO - Running: ['airflow', 'tasks', 'run', 'etl_reddit_pipeline', 'reddit_extraction', 'manual__2025-01-10T17:40:33.137118+00:00', '--job-id', '10', '--raw', '--subdir', 'DAGS_FOLDER/reddis_dag.py', '--cfg-path', '/tmp/tmpulbq7i7e']
[2025-01-10T17:40:35.638+0000] {standard_task_runner.py:105} INFO - Job 10: Subtask reddit_extraction
[2025-01-10T17:40:35.708+0000] {task_command.py:467} INFO - Running <TaskInstance: etl_reddit_pipeline.reddit_extraction manual__2025-01-10T17:40:33.137118+00:00 [running]> on host 78ffa1533b0a
[2025-01-10T17:40:35.811+0000] {taskinstance.py:3132} INFO - Exporting env vars: AIRFLOW_CTX_DAG_OWNER='Kritya Shree Sivasakthi' AIRFLOW_CTX_DAG_ID='etl_reddit_pipeline' AIRFLOW_CTX_TASK_ID='reddit_extraction' AIRFLOW_CTX_EXECUTION_DATE='2025-01-10T17:40:33.137118+00:00' AIRFLOW_CTX_TRY_NUMBER='1' AIRFLOW_CTX_DAG_RUN_ID='manual__2025-01-10T17:40:33.137118+00:00'
[2025-01-10T17:40:35.813+0000] {taskinstance.py:731} INFO - ::endgroup::
[2025-01-10T17:40:35.841+0000] {logging_mixin.py:190} INFO - connected to reddit
[2025-01-10T17:40:36.639+0000] {logging_mixin.py:190} INFO - {'comment_limit': 2048, 'comment_sort': 'confidence', '_reddit': <praw.reddit.Reddit object at 0xffff764f42e0>, 'approved_at_utc': None, 'subreddit': Subreddit(display_name='datascience'), 'selftext': '', 'author_fullname': 't2_6zm7tswg', 'saved': False, 'mod_reason_title': None, 'gilded': 0, 'clicked': False, 'title': 'SQL Squid Game: Imagine you were a Data Scientist for Squid Games (9 Levels)', 'link_flair_richtext': [], 'subreddit_name_prefixed': 'r/datascience', 'hidden': False, 'pwls': 6, 'link_flair_css_class': 'discussion', 'downs': 0, 'thumbnail_height': 73, 'top_awarded_type': None, 'hide_score': True, 'name': 't3_1hy7g0m', 'quarantine': False, 'link_flair_text_color': 'light', 'upvote_ratio': 0.95, 'author_flair_background_color': '', 'ups': 96, 'total_awards_received': 0, 'media_embed': {}, 'thumbnail_width': 140, 'author_flair_template_id': None, 'is_original_content': False, 'user_reports': [], 'secure_media': None, 'is_reddit_media_domain': False, 'is_meta': False, 'category': None, 'secure_media_embed': {}, 'link_flair_text': 'Discussion', 'can_mod_post': False, 'score': 96, 'approved_by': None, 'is_created_from_ads_ui': False, 'author_premium': False, 'thumbnail': 'https://a.thumbs.redditmedia.com/DjWBe9a6BjEtfKDhxK5dsI23BTViToW94WjkA9gMhc8.jpg', 'edited': False, 'author_flair_css_class': None, 'author_flair_richtext': [], 'gildings': {}, 'post_hint': 'link', 'content_categories': None, 'is_self': False, 'subreddit_type': 'public', 'created': 1736524298.0, 'link_flair_type': 'text', 'wls': 6, 'removed_by_category': None, 'banned_by': None, 'author_flair_type': 'text', 'domain': 'datalemur.com', 'allow_live_comments': False, 'selftext_html': None, 'likes': None, 'suggested_sort': 'confidence', 'banned_at_utc': None, 'url_overridden_by_dest': 'https://datalemur.com/sql-game', 'view_count': None, 'archived': False, 'no_follow': False, 'is_crosspostable': False, 'pinned': False, 'over_18': False, 'preview': {'images': [{'source': {'url': 'https://external-preview.redd.it/_vuXIQMEDd1bhOSLQlk6XVHVZUrGqhihNSirQjQpm8Y.jpg?auto=webp&s=6ab14e8dfd06ed0cc72396099b276035b33f5878', 'width': 2400, 'height': 1260}, 'resolutions': [{'url': 'https://external-preview.redd.it/_vuXIQMEDd1bhOSLQlk6XVHVZUrGqhihNSirQjQpm8Y.jpg?width=108&crop=smart&auto=webp&s=1071781994aa1fb23db4de2164427b511e45021d', 'width': 108, 'height': 56}, {'url': 'https://external-preview.redd.it/_vuXIQMEDd1bhOSLQlk6XVHVZUrGqhihNSirQjQpm8Y.jpg?width=216&crop=smart&auto=webp&s=70922ab40baba00511ba0840861da4886455aa32', 'width': 216, 'height': 113}, {'url': 'https://external-preview.redd.it/_vuXIQMEDd1bhOSLQlk6XVHVZUrGqhihNSirQjQpm8Y.jpg?width=320&crop=smart&auto=webp&s=bc7c431c25bc9f1837da5ea00ff3bbf083915e51', 'width': 320, 'height': 168}, {'url': 'https://external-preview.redd.it/_vuXIQMEDd1bhOSLQlk6XVHVZUrGqhihNSirQjQpm8Y.jpg?width=640&crop=smart&auto=webp&s=0d25e36f73592f9acf12015635546a1cc0eb154f', 'width': 640, 'height': 336}, {'url': 'https://external-preview.redd.it/_vuXIQMEDd1bhOSLQlk6XVHVZUrGqhihNSirQjQpm8Y.jpg?width=960&crop=smart&auto=webp&s=041e34be33a080ecb91192d50ca9335382216997', 'width': 960, 'height': 504}, {'url': 'https://external-preview.redd.it/_vuXIQMEDd1bhOSLQlk6XVHVZUrGqhihNSirQjQpm8Y.jpg?width=1080&crop=smart&auto=webp&s=2c449975d5458866c84b8ca428c00502ff20fff3', 'width': 1080, 'height': 567}], 'variants': {}, 'id': 'zyxPtKiLYrU2eGoid3iTZ67V6Xta1dW9TndSiPCjSjQ'}], 'enabled': False}, 'all_awardings': [], 'awarders': [], 'media_only': False, 'link_flair_template_id': '4fad7108-d77d-11e7-b0c6-0ee69f155af2', 'can_gild': False, 'spoiler': False, 'locked': False, 'author_flair_text': 'Author | Ace the Data Science Interview', 'treatment_tags': [], 'visited': False, 'removed_by': None, 'mod_note': None, 'distinguished': None, 'subreddit_id': 't5_2sptq', 'author_is_blocked': False, 'mod_reason_by': None, 'num_reports': None, 'removal_reason': None, 'link_flair_background_color': '#1a1a1b', 'id': '1hy7g0m', 'is_robot_indexable': True, 'report_reasons': None, 'author': Redditor(name='NickSinghTechCareers'), 'discussion_type': None, 'num_comments': 13, 'send_replies': True, 'contest_mode': False, 'mod_reports': [], 'author_patreon_flair': False, 'author_flair_text_color': 'dark', 'permalink': '/r/datascience/comments/1hy7g0m/sql_squid_game_imagine_you_were_a_data_scientist/', 'stickied': False, 'url': 'https://datalemur.com/sql-game', 'subreddit_subscribers': 2505238, 'created_utc': 1736524298.0, 'num_crossposts': 0, 'media': None, 'is_video': False, '_fetched': False, '_additional_fetch_params': {}, '_comments_by_id': {}}
[2025-01-10T17:40:36.640+0000] {taskinstance.py:3311} ERROR - Task failed with exception
Traceback (most recent call last):
  File "/home/airflow/.local/lib/python3.9/site-packages/airflow/models/taskinstance.py", line 767, in _execute_task
    result = _execute_callable(context=context, **execute_callable_kwargs)
  File "/home/airflow/.local/lib/python3.9/site-packages/airflow/models/taskinstance.py", line 733, in _execute_callable
    return ExecutionCallableRunner(
  File "/home/airflow/.local/lib/python3.9/site-packages/airflow/utils/operator_helpers.py", line 252, in run
    return self.func(*args, **kwargs)
  File "/home/airflow/.local/lib/python3.9/site-packages/airflow/models/baseoperator.py", line 422, in wrapper
    return func(self, *args, **kwargs)
  File "/home/airflow/.local/lib/python3.9/site-packages/airflow/operators/python.py", line 238, in execute
    return_value = self.execute_callable()
  File "/home/airflow/.local/lib/python3.9/site-packages/airflow/operators/python.py", line 256, in execute_callable
    return runner.run(*self.op_args, **self.op_kwargs)
  File "/home/airflow/.local/lib/python3.9/site-packages/airflow/utils/operator_helpers.py", line 252, in run
    return self.func(*args, **kwargs)
  File "/opt/airflow/pipelines/reddit_pipeline.py", line 9, in reddit_pipeline
    posts = extract_posts(instance, subreddit, time_filter, limit)
  File "/opt/airflow/etls/reddit_etl.py", line 28, in extract_posts
    post = {key: post_dict[key] for key in POST_FIELDS}
NameError: name 'POST_FIELDS' is not defined
[2025-01-10T17:40:36.666+0000] {taskinstance.py:1225} INFO - Marking task as FAILED. dag_id=etl_reddit_pipeline, task_id=reddit_extraction, run_id=manual__2025-01-10T17:40:33.137118+00:00, execution_date=20250110T174033, start_date=20250110T174035, end_date=20250110T174036
[2025-01-10T17:40:36.677+0000] {taskinstance.py:340} INFO - ::group::Post task execution logs
[2025-01-10T17:40:36.677+0000] {standard_task_runner.py:124} ERROR - Failed to execute job 10 for task reddit_extraction (name 'POST_FIELDS' is not defined; 67)
Traceback (most recent call last):
  File "/home/airflow/.local/lib/python3.9/site-packages/airflow/task/task_runner/standard_task_runner.py", line 117, in _start_by_fork
    ret = args.func(args, dag=self.dag)
  File "/home/airflow/.local/lib/python3.9/site-packages/airflow/cli/cli_config.py", line 49, in command
    return func(*args, **kwargs)
  File "/home/airflow/.local/lib/python3.9/site-packages/airflow/utils/cli.py", line 116, in wrapper
    return f(*args, **kwargs)
  File "/home/airflow/.local/lib/python3.9/site-packages/airflow/cli/commands/task_command.py", line 483, in task_run
    task_return_code = _run_task_by_selected_method(args, _dag, ti)
  File "/home/airflow/.local/lib/python3.9/site-packages/airflow/cli/commands/task_command.py", line 256, in _run_task_by_selected_method
    return _run_raw_task(args, ti)
  File "/home/airflow/.local/lib/python3.9/site-packages/airflow/cli/commands/task_command.py", line 341, in _run_raw_task
    return ti._run_raw_task(
  File "/home/airflow/.local/lib/python3.9/site-packages/airflow/utils/session.py", line 97, in wrapper
    return func(*args, session=session, **kwargs)
  File "/home/airflow/.local/lib/python3.9/site-packages/airflow/models/taskinstance.py", line 3005, in _run_raw_task
    return _run_raw_task(
  File "/home/airflow/.local/lib/python3.9/site-packages/airflow/models/taskinstance.py", line 273, in _run_raw_task
    TaskInstance._execute_task_with_callbacks(
  File "/home/airflow/.local/lib/python3.9/site-packages/airflow/models/taskinstance.py", line 3159, in _execute_task_with_callbacks
    result = self._execute_task(context, task_orig)
  File "/home/airflow/.local/lib/python3.9/site-packages/airflow/models/taskinstance.py", line 3183, in _execute_task
    return _execute_task(self, context, task_orig)
  File "/home/airflow/.local/lib/python3.9/site-packages/airflow/models/taskinstance.py", line 767, in _execute_task
    result = _execute_callable(context=context, **execute_callable_kwargs)
  File "/home/airflow/.local/lib/python3.9/site-packages/airflow/models/taskinstance.py", line 733, in _execute_callable
    return ExecutionCallableRunner(
  File "/home/airflow/.local/lib/python3.9/site-packages/airflow/utils/operator_helpers.py", line 252, in run
    return self.func(*args, **kwargs)
  File "/home/airflow/.local/lib/python3.9/site-packages/airflow/models/baseoperator.py", line 422, in wrapper
    return func(self, *args, **kwargs)
  File "/home/airflow/.local/lib/python3.9/site-packages/airflow/operators/python.py", line 238, in execute
    return_value = self.execute_callable()
  File "/home/airflow/.local/lib/python3.9/site-packages/airflow/operators/python.py", line 256, in execute_callable
    return runner.run(*self.op_args, **self.op_kwargs)
  File "/home/airflow/.local/lib/python3.9/site-packages/airflow/utils/operator_helpers.py", line 252, in run
    return self.func(*args, **kwargs)
  File "/opt/airflow/pipelines/reddit_pipeline.py", line 9, in reddit_pipeline
    posts = extract_posts(instance, subreddit, time_filter, limit)
  File "/opt/airflow/etls/reddit_etl.py", line 28, in extract_posts
    post = {key: post_dict[key] for key in POST_FIELDS}
NameError: name 'POST_FIELDS' is not defined
[2025-01-10T17:40:36.717+0000] {local_task_job_runner.py:266} INFO - Task exited with return code 1
[2025-01-10T17:40:36.743+0000] {taskinstance.py:3895} INFO - 0 downstream tasks scheduled from follow-on schedule check
[2025-01-10T17:40:36.745+0000] {local_task_job_runner.py:245} INFO - ::endgroup::
